<sbml xmlns="http://www.sbml.org/sbml/level2/version4" level="2" version="4">
  <model id="TestModel">
    <listOfReactions>
      <reaction id="vTest">
        <kineticLaw>
          <math xmlns="http://www.w3.org/1998/Math/MathML">
            <apply>
              <plus/>
              <ci>KmX</ci>
              <ci>X</ci>
            </apply>
          </math>
        </kineticLaw>
      </reaction>
    </listOfReactions>
  </model>
</sbml>